<?xml version="1.0" encoding="UTF-8" ?>
<testsuite tests="7" failures="1" name="TestSuite" time="1.952" errors="0" skipped="5">
  <properties>
    <property name="java.runtime.name" value="Java(TM) SE Runtime Environment"/>
    <property name="sun.boot.library.path" value="C:\jdk1.8.0_45\jre\bin"/>
    <property name="java.vm.version" value="25.45-b02"/>
    <property name="java.vm.vendor" value="Oracle Corporation"/>
    <property name="java.vendor.url" value="http://java.oracle.com/"/>
    <property name="path.separator" value=";"/>
    <property name="java.vm.name" value="Java HotSpot(TM) 64-Bit Server VM"/>
    <property name="file.encoding.pkg" value="sun.io"/>
    <property name="user.script" value=""/>
    <property name="user.country" value="CN"/>
    <property name="sun.java.launcher" value="SUN_STANDARD"/>
    <property name="sun.os.patch.level" value=""/>
    <property name="java.vm.specification.name" value="Java Virtual Machine Specification"/>
    <property name="user.dir" value="G:\Btjf_API"/>
    <property name="java.runtime.version" value="1.8.0_45-b14"/>
    <property name="java.awt.graphicsenv" value="sun.awt.Win32GraphicsEnvironment"/>
    <property name="basedir" value="G:\Btjf_API"/>
    <property name="java.endorsed.dirs" value="C:\jdk1.8.0_45\jre\lib\endorsed"/>
    <property name="os.arch" value="amd64"/>
    <property name="surefire.real.class.path" value="C:\Users\wl\AppData\Local\Temp\surefirebooter5455048034796240617.jar"/>
    <property name="java.io.tmpdir" value="C:\Users\wl\AppData\Local\Temp\"/>
    <property name="line.separator" value="
"/>
    <property name="java.vm.specification.vendor" value="Oracle Corporation"/>
    <property name="user.variant" value=""/>
    <property name="os.name" value="Windows 8.1"/>
    <property name="sun.jnu.encoding" value="GBK"/>
    <property name="java.library.path" value="C:\jdk1.8.0_45\jre\bin;C:\WINDOWS\Sun\Java\bin;C:\WINDOWS\system32;C:\WINDOWS;C:\ProgramData\Oracle\Java\javapath;C:\jdk1.8.0_45\bin;C:\Python27\Scripts;C:\Python27;C:\Program Files (x86)\Intel\iCLS Client\;C:\Program Files\Intel\iCLS Client\;C:\WINDOWS\system32;C:\WINDOWS;C:\WINDOWS\System32\Wbem;C:\WINDOWS\System32\WindowsPowerShell\v1.0\;C:\Program Files (x86)\Intel\Intel(R) Management Engine Components\DAL;C:\Program Files\Intel\Intel(R) Management Engine Components\DAL;C:\Program Files (x86)\Intel\Intel(R) Management Engine Components\IPT;C:\Program Files\Intel\Intel(R) Management Engine Components\IPT;C:\Program Files (x86)\ATI Technologies\ATI.ACE\Core-Static;C:\Program Files (x86)\Common Files\lenovo\easyplussdk\bin;C:\Program Files\TortoiseSVN\bin;G:\android-sdk-windows_2014_0119\tools;G:\android-sdk-windows_2014_0119\platform-tools;E:\Program Files\nodejs\;C:\apache-maven-3.3.9\bin;E:\Program Files (x86)\Appium\node_modules\.bin;E:\Program Files (x86)\IDM Computer Solutions\UltraEdit;%TOMCAT_HOME%\bin;C:\Users\wl\AppData\Roaming\npm;%USERPROFILE%\AppData\Local\Microsoft\WindowsApps;;E:\Program Files\Docker Toolbox;."/>
    <property name="surefire.test.class.path" value="G:\Btjf_API\target\test-classes;G:\Btjf_API\target\classes;C:\Users\wl\.m2\repository\org\testng\testng\6.9.10\testng-6.9.10.jar;C:\Users\wl\.m2\repository\com\beust\jcommander\1.48\jcommander-1.48.jar;C:\Users\wl\.m2\repository\org\beanshell\bsh\2.0b4\bsh-2.0b4.jar;C:\Users\wl\.m2\repository\org\uncommons\reportng\1.9\reportng-1.9.jar;C:\Users\wl\.m2\repository\velocity\velocity-dep\1.4\velocity-dep-1.4.jar;C:\Users\wl\.m2\repository\com\google\inject\guice\3.0\guice-3.0.jar;C:\Users\wl\.m2\repository\javax\inject\javax.inject\1\javax.inject-1.jar;C:\Users\wl\.m2\repository\aopalliance\aopalliance\1.0\aopalliance-1.0.jar;C:\Users\wl\.m2\repository\org\apache\httpcomponents\httpclient\4.5.2\httpclient-4.5.2.jar;C:\Users\wl\.m2\repository\org\apache\httpcomponents\httpcore\4.4.4\httpcore-4.4.4.jar;C:\Users\wl\.m2\repository\commons-logging\commons-logging\1.2\commons-logging-1.2.jar;C:\Users\wl\.m2\repository\commons-codec\commons-codec\1.9\commons-codec-1.9.jar;C:\Users\wl\.m2\repository\com\alibaba\fastjson\1.2.7\fastjson-1.2.7.jar;C:\Users\wl\.m2\repository\org\apache\logging\log4j\log4j-api\2.6.1\log4j-api-2.6.1.jar;C:\Users\wl\.m2\repository\org\apache\logging\log4j\log4j-core\2.6.1\log4j-core-2.6.1.jar;C:\Users\wl\.m2\repository\org\apache\poi\poi\3.14\poi-3.14.jar;C:\Users\wl\.m2\repository\org\apache\poi\poi-ooxml\3.14\poi-ooxml-3.14.jar;C:\Users\wl\.m2\repository\org\apache\poi\poi-ooxml-schemas\3.14\poi-ooxml-schemas-3.14.jar;C:\Users\wl\.m2\repository\org\apache\xmlbeans\xmlbeans\2.6.0\xmlbeans-2.6.0.jar;C:\Users\wl\.m2\repository\stax\stax-api\1.0.1\stax-api-1.0.1.jar;C:\Users\wl\.m2\repository\com\github\virtuald\curvesapi\1.03\curvesapi-1.03.jar;C:\Users\wl\.m2\repository\com\microsoft\sqlserver\sqljdbc4\4.0\sqljdbc4-4.0.jar;C:\Users\wl\.m2\repository\org\assertj\assertj-core\3.5.2\assertj-core-3.5.2.jar;C:\Users\wl\.m2\repository\org\apache\httpcomponents\httpmime\4.5.2\httpmime-4.5.2.jar;C:\Users\wl\.m2\repository\dom4j\dom4j\1.6.1\dom4j-1.6.1.jar;C:\Users\wl\.m2\repository\xml-apis\xml-apis\1.0.b2\xml-apis-1.0.b2.jar;C:\Users\wl\.m2\repository\javax\mail\mail\1.4.7\mail-1.4.7.jar;C:\Users\wl\.m2\repository\javax\activation\activation\1.1\activation-1.1.jar;C:\Users\wl\.m2\repository\org\apache\commons\commons-lang3\3.5\commons-lang3-3.5.jar;C:\Users\wl\.m2\repository\com\github\javaparser\javaparser-core\3.2.7\javaparser-core-3.2.7.jar;C:\Users\wl\.m2\repository\org\apache\solr\solr-solrj\5.3.1\solr-solrj-5.3.1.jar;C:\Users\wl\.m2\repository\commons-io\commons-io\2.4\commons-io-2.4.jar;C:\Users\wl\.m2\repository\org\apache\zookeeper\zookeeper\3.4.6\zookeeper-3.4.6.jar;C:\Users\wl\.m2\repository\org\codehaus\woodstox\stax2-api\3.1.4\stax2-api-3.1.4.jar;C:\Users\wl\.m2\repository\org\codehaus\woodstox\woodstox-core-asl\4.4.1\woodstox-core-asl-4.4.1.jar;C:\Users\wl\.m2\repository\org\noggit\noggit\0.6\noggit-0.6.jar;C:\Users\wl\.m2\repository\org\slf4j\slf4j-api\1.7.7\slf4j-api-1.7.7.jar;"/>
    <property name="java.specification.name" value="Java Platform API Specification"/>
    <property name="java.class.version" value="52.0"/>
    <property name="sun.management.compiler" value="HotSpot 64-Bit Tiered Compilers"/>
    <property name="os.version" value="6.3"/>
    <property name="user.home" value="C:\Users\wl"/>
    <property name="user.timezone" value="Asia/Shanghai"/>
    <property name="java.awt.printerjob" value="sun.awt.windows.WPrinterJob"/>
    <property name="java.specification.version" value="1.8"/>
    <property name="file.encoding" value="UTF-8"/>
    <property name="user.name" value="wl"/>
    <property name="java.class.path" value="G:\Btjf_API\target\test-classes;G:\Btjf_API\target\classes;C:\Users\wl\.m2\repository\org\testng\testng\6.9.10\testng-6.9.10.jar;C:\Users\wl\.m2\repository\com\beust\jcommander\1.48\jcommander-1.48.jar;C:\Users\wl\.m2\repository\org\beanshell\bsh\2.0b4\bsh-2.0b4.jar;C:\Users\wl\.m2\repository\org\uncommons\reportng\1.9\reportng-1.9.jar;C:\Users\wl\.m2\repository\velocity\velocity-dep\1.4\velocity-dep-1.4.jar;C:\Users\wl\.m2\repository\com\google\inject\guice\3.0\guice-3.0.jar;C:\Users\wl\.m2\repository\javax\inject\javax.inject\1\javax.inject-1.jar;C:\Users\wl\.m2\repository\aopalliance\aopalliance\1.0\aopalliance-1.0.jar;C:\Users\wl\.m2\repository\org\apache\httpcomponents\httpclient\4.5.2\httpclient-4.5.2.jar;C:\Users\wl\.m2\repository\org\apache\httpcomponents\httpcore\4.4.4\httpcore-4.4.4.jar;C:\Users\wl\.m2\repository\commons-logging\commons-logging\1.2\commons-logging-1.2.jar;C:\Users\wl\.m2\repository\commons-codec\commons-codec\1.9\commons-codec-1.9.jar;C:\Users\wl\.m2\repository\com\alibaba\fastjson\1.2.7\fastjson-1.2.7.jar;C:\Users\wl\.m2\repository\org\apache\logging\log4j\log4j-api\2.6.1\log4j-api-2.6.1.jar;C:\Users\wl\.m2\repository\org\apache\logging\log4j\log4j-core\2.6.1\log4j-core-2.6.1.jar;C:\Users\wl\.m2\repository\org\apache\poi\poi\3.14\poi-3.14.jar;C:\Users\wl\.m2\repository\org\apache\poi\poi-ooxml\3.14\poi-ooxml-3.14.jar;C:\Users\wl\.m2\repository\org\apache\poi\poi-ooxml-schemas\3.14\poi-ooxml-schemas-3.14.jar;C:\Users\wl\.m2\repository\org\apache\xmlbeans\xmlbeans\2.6.0\xmlbeans-2.6.0.jar;C:\Users\wl\.m2\repository\stax\stax-api\1.0.1\stax-api-1.0.1.jar;C:\Users\wl\.m2\repository\com\github\virtuald\curvesapi\1.03\curvesapi-1.03.jar;C:\Users\wl\.m2\repository\com\microsoft\sqlserver\sqljdbc4\4.0\sqljdbc4-4.0.jar;C:\Users\wl\.m2\repository\org\assertj\assertj-core\3.5.2\assertj-core-3.5.2.jar;C:\Users\wl\.m2\repository\org\apache\httpcomponents\httpmime\4.5.2\httpmime-4.5.2.jar;C:\Users\wl\.m2\repository\dom4j\dom4j\1.6.1\dom4j-1.6.1.jar;C:\Users\wl\.m2\repository\xml-apis\xml-apis\1.0.b2\xml-apis-1.0.b2.jar;C:\Users\wl\.m2\repository\javax\mail\mail\1.4.7\mail-1.4.7.jar;C:\Users\wl\.m2\repository\javax\activation\activation\1.1\activation-1.1.jar;C:\Users\wl\.m2\repository\org\apache\commons\commons-lang3\3.5\commons-lang3-3.5.jar;C:\Users\wl\.m2\repository\com\github\javaparser\javaparser-core\3.2.7\javaparser-core-3.2.7.jar;C:\Users\wl\.m2\repository\org\apache\solr\solr-solrj\5.3.1\solr-solrj-5.3.1.jar;C:\Users\wl\.m2\repository\commons-io\commons-io\2.4\commons-io-2.4.jar;C:\Users\wl\.m2\repository\org\apache\zookeeper\zookeeper\3.4.6\zookeeper-3.4.6.jar;C:\Users\wl\.m2\repository\org\codehaus\woodstox\stax2-api\3.1.4\stax2-api-3.1.4.jar;C:\Users\wl\.m2\repository\org\codehaus\woodstox\woodstox-core-asl\4.4.1\woodstox-core-asl-4.4.1.jar;C:\Users\wl\.m2\repository\org\noggit\noggit\0.6\noggit-0.6.jar;C:\Users\wl\.m2\repository\org\slf4j\slf4j-api\1.7.7\slf4j-api-1.7.7.jar;"/>
    <property name="java.vm.specification.version" value="1.8"/>
    <property name="sun.arch.data.model" value="64"/>
    <property name="java.home" value="C:\jdk1.8.0_45\jre"/>
    <property name="sun.java.command" value="C:\Users\wl\AppData\Local\Temp\surefirebooter5455048034796240617.jar C:\Users\wl\AppData\Local\Temp\surefire8139059167812860844tmp C:\Users\wl\AppData\Local\Temp\surefire307119342958363541tmp"/>
    <property name="java.specification.vendor" value="Oracle Corporation"/>
    <property name="user.language" value="zh"/>
    <property name="awt.toolkit" value="sun.awt.windows.WToolkit"/>
    <property name="java.vm.info" value="mixed mode"/>
    <property name="java.version" value="1.8.0_45"/>
    <property name="java.ext.dirs" value="C:\jdk1.8.0_45\jre\lib\ext;C:\WINDOWS\Sun\Java\lib\ext"/>
    <property name="sun.boot.class.path" value="C:\jdk1.8.0_45\jre\lib\resources.jar;C:\jdk1.8.0_45\jre\lib\rt.jar;C:\jdk1.8.0_45\jre\lib\sunrsasign.jar;C:\jdk1.8.0_45\jre\lib\jsse.jar;C:\jdk1.8.0_45\jre\lib\jce.jar;C:\jdk1.8.0_45\jre\lib\charsets.jar;C:\jdk1.8.0_45\jre\lib\jfr.jar;C:\jdk1.8.0_45\jre\classes"/>
    <property name="java.vendor" value="Oracle Corporation"/>
    <property name="localRepository" value="C:\Users\wl\.m2\repository"/>
    <property name="file.separator" value="\"/>
    <property name="java.vendor.url.bug" value="http://bugreport.sun.com/bugreport/"/>
    <property name="sun.cpu.endian" value="little"/>
    <property name="sun.io.unicode.encoding" value="UnicodeLittle"/>
    <property name="sun.desktop" value="windows"/>
    <property name="sun.cpu.isalist" value="amd64"/>
  </properties>
  <testcase classname="Btjf_API.CAPI.Test.MyTransTest" name="testA" time="0.017">
    <skipped/>
  </testcase>
  <testcase classname="Btjf_API.CAPI.Test.MyTransTest" name="testA" time="0.001">
    <skipped/>
  </testcase>
  <testcase classname="Btjf_API.CAPI.Test.MyTransTest" name="testA" time="0"/>
  <testcase classname="Btjf_API.CAPI.Test.MyTransTest" name="testB" time="0.001">
    <skipped/>
  </testcase>
  <testcase classname="Btjf_API.CAPI.Test.MyTransTest" name="testB" time="0.001">
    <skipped/>
  </testcase>
  <testcase classname="Btjf_API.CAPI.Test.MyTransTest" name="testB" time="0.001">
    <skipped/>
  </testcase>
  <testcase classname="Btjf_API.CAPI.Test.MyTransTest" name="testB" time="0.002">
    <failure message="expected [3] but found [2]" type="java.lang.AssertionError">java.lang.AssertionError: expected [3] but found [2]
	at org.testng.Assert.fail(Assert.java:94)
	at org.testng.Assert.failNotEquals(Assert.java:513)
	at org.testng.Assert.assertEqualsImpl(Assert.java:135)
	at org.testng.Assert.assertEquals(Assert.java:116)
	at org.testng.Assert.assertEquals(Assert.java:190)
	at org.testng.Assert.assertEquals(Assert.java:200)
	at Btjf_API.CAPI.Test.MyTransTest.testB(MyTransTest.java:51)
</failure>
  </testcase>
</testsuite>